<?xml version="1.0" encoding="UTF-8"?>
<!-- Generated by org.testng.reporters.JUnitReportReporter -->
<testsuite hostname="md2abnyc" failures="0" tests="1" name="Cucumber.options.TestNgTestRunner" time="0.079" errors="0" timestamp="2022-02-16T12:17:07 IST" skipped="0">
  <testcase classname="Cucumber.options.TestNgTestRunner" name="runScenario" time="0.079"/>
  <system-out/>
</testsuite> <!-- Cucumber.options.TestNgTestRunner -->
